<?xml version="1.0" encoding="UTF-8"?>
<!-- Generated by org.testng.reporters.JUnitReportReporter -->
<testsuite skipped="0" hostname="DESKTOP-DEVMU54" name="com.fullstack.WebTest" tests="2" failures="0" timestamp="2021-02-21T14:31:04 EST" time="22.465" errors="0">
  <testcase name="homepage" time="13.058" classname="com.fullstack.WebTest"/>
  <system-out/>
  <testcase name="login" time="9.407" classname="com.fullstack.WebTest"/>
  <system-out/>
</testsuite> <!-- com.fullstack.WebTest -->
