<?xml version="1.0" encoding="UTF-8"?>
<!-- Generated by org.testng.reporters.JUnitReportReporter -->
<testsuite skipped="0" hostname="DESKTOP-DEVMU54" name="com.fullstack.ApiTest" tests="1" failures="0" timestamp="2021-05-16T22:11:35 EDT" time="18.411" errors="0">
  <testcase name="dummyTest" time="18.411" classname="com.fullstack.ApiTest"/>
  <system-out/>
</testsuite> <!-- com.fullstack.ApiTest -->
